<?xml version="1.0" encoding="UTF-8"?>
<!-- Generated by org.testng.reporters.JUnitReportReporter -->
<testsuite hostname="MGTECHLPT311" failures="0" tests="2" name="TestClass.TC_002_LogInPage_Test" time="2.195" errors="0" timestamp="2023-06-14T21:46:37 IST" skipped="0">
  <testcase classname="TestClass.TC_002_LogInPage_Test" name="LogInPage_Test" time="1.397"/>
  <system-out/>
  <testcase classname="TestClass.TC_002_LogInPage_Test" name="LogInConif_Test" time="0.798"/>
  <system-out/>
</testsuite> <!-- TestClass.TC_002_LogInPage_Test -->
