<?xml version="1.0" encoding="UTF-8"?>
<!-- Generated by org.testng.reporters.JUnitReportReporter -->
<testsuite hostname="MGTECHLPT311" failures="0" tests="3" name="TestClass.TC_009_EndToEnd_Test" time="10.353" errors="0" timestamp="2023-06-12T11:22:33 IST" skipped="0">
  <testcase classname="TestClass.TC_009_EndToEnd_Test" name="IndexPage_Test" time="1.562"/>
  <system-out/>
  <testcase classname="TestClass.TC_009_EndToEnd_Test" name="ProductSearchPage_Test" time="3.918"/>
  <system-out/>
  <testcase classname="TestClass.TC_009_EndToEnd_Test" name="ShopingCartPage_Test" time="4.873"/>
  <system-out/>
</testsuite> <!-- TestClass.TC_009_EndToEnd_Test -->
