<?xml version="1.0" encoding="UTF-8"?>
<!-- Generated by org.testng.reporters.JUnitReportReporter -->
<testsuite hostname="MGTECHLPT311" failures="0" tests="3" name="TestClass.TC_009_EndToEnd_Test" time="7.699" errors="0" timestamp="2023-06-12T09:24:40 IST" skipped="0">
  <testcase classname="TestClass.TC_009_EndToEnd_Test" name="IndexPage_Test" time="1.014"/>
  <system-out/>
  <testcase classname="TestClass.TC_009_EndToEnd_Test" name="ProductSearchPage_Test" time="2.366"/>
  <system-out/>
  <testcase classname="TestClass.TC_009_EndToEnd_Test" name="ShopingCartPage_Test" time="4.319"/>
  <system-out/>
</testsuite> <!-- TestClass.TC_009_EndToEnd_Test -->
