<?xml version="1.0" encoding="UTF-8"?>
<!-- Generated by org.testng.reporters.JUnitReportReporter -->
<testsuite hostname="MGTECHLPT311" failures="0" tests="2" name="TestClass.TC_002_LogInPage_Test" time="2.413" errors="0" timestamp="2023-06-14T20:54:06 IST" skipped="0">
  <testcase classname="TestClass.TC_002_LogInPage_Test" name="LogInPage_Test" time="1.522"/>
  <system-out/>
  <testcase classname="TestClass.TC_002_LogInPage_Test" name="LogInConif_Test" time="0.891"/>
  <system-out/>
</testsuite> <!-- TestClass.TC_002_LogInPage_Test -->
